TN:
SF:src/transcriptService.ts
FN:17,(anonymous_0)
FN:19,(anonymous_1)
FN:24,(anonymous_2)
FN:32,(anonymous_3)
FN:48,(anonymous_4)
FN:50,(anonymous_5)
FN:51,(anonymous_6)
FN:58,(anonymous_7)
FN:59,(anonymous_8)
FN:67,(anonymous_9)
FN:80,(anonymous_10)
FN:86,(anonymous_11)
FN:89,(anonymous_12)
FN:96,(anonymous_13)
FN:103,(anonymous_14)
FN:107,(anonymous_15)
FN:112,(anonymous_16)
FN:113,(anonymous_17)
FN:118,(anonymous_18)
FN:120,(anonymous_19)
FNF:20
FNH:20
FNDA:8,(anonymous_0)
FNDA:1,(anonymous_1)
FNDA:9,(anonymous_2)
FNDA:8,(anonymous_3)
FNDA:2,(anonymous_4)
FNDA:6,(anonymous_5)
FNDA:3,(anonymous_6)
FNDA:11,(anonymous_7)
FNDA:8,(anonymous_8)
FNDA:3,(anonymous_9)
FNDA:2,(anonymous_10)
FNDA:1,(anonymous_11)
FNDA:1,(anonymous_12)
FNDA:5,(anonymous_13)
FNDA:1,(anonymous_14)
FNDA:1,(anonymous_15)
FNDA:2,(anonymous_16)
FNDA:2,(anonymous_17)
FNDA:1,(anonymous_18)
FNDA:1,(anonymous_19)
DA:5,1
DA:9,1
DA:16,1
DA:17,8
DA:25,9
DA:33,8
DA:34,8
DA:39,8
DA:40,8
DA:49,2
DA:50,6
DA:51,3
DA:59,11
DA:60,11
DA:61,3
DA:63,8
DA:68,3
DA:70,2
DA:81,2
DA:83,1
DA:87,1
DA:88,1
DA:89,1
DA:90,1
DA:91,0
DA:93,1
DA:97,5
DA:100,4
DA:104,1
DA:108,1
DA:109,1
DA:110,0
DA:112,2
DA:113,2
DA:114,1
DA:115,1
DA:119,1
DA:120,1
LF:38
LH:36
BRDA:59,0,0,8
BRDA:59,0,1,8
BRDA:60,1,0,3
BRDA:60,1,1,8
BRDA:90,2,0,0
BRDA:90,2,1,1
BRDA:109,3,0,0
BRDA:109,3,1,1
BRF:8
BRH:6
end_of_record
